2025-09-04 09:18:38,717 - INFO - 🚀 스타트업 생태계 탐색 크롤러 시작
2025-09-04 09:18:39,139 - INFO - 전체 생태계 데이터 크롤링 시작
2025-09-04 09:18:39,139 - INFO - TechCrunch 스타트업 정보 크롤링 시작
2025-09-04 09:18:39,139 - INFO - 페이지 1 크롤링: https://techcrunch.com/category/startups/page/1/
2025-09-04 09:19:09,142 - ERROR - TechCrunch 크롤링 실패: Timeout 30000ms exceeded.
2025-09-04 09:19:09,142 - INFO - TechCrunch 크롤링 완료: 0개 스타트업
2025-09-04 09:19:09,142 - INFO - AngelList 스타트업 정보 크롤링 시작
2025-09-04 09:19:09,142 - INFO - AngelList 'AI' 검색 중...
2025-09-04 09:19:28,723 - WARNING - 'AI' 검색 결과를 찾을 수 없습니다
2025-09-04 09:19:28,724 - INFO - AngelList 'Fintech' 검색 중...
2025-09-04 09:19:47,869 - WARNING - 'Fintech' 검색 결과를 찾을 수 없습니다
2025-09-04 09:19:47,870 - INFO - AngelList 'HealthTech' 검색 중...
2025-09-04 09:20:07,473 - WARNING - 'HealthTech' 검색 결과를 찾을 수 없습니다
2025-09-04 09:20:07,473 - INFO - AngelList 'EdTech' 검색 중...
2025-09-04 09:20:27,042 - WARNING - 'EdTech' 검색 결과를 찾을 수 없습니다
2025-09-04 09:20:27,042 - INFO - AngelList 'SaaS' 검색 중...
2025-09-04 09:20:47,894 - WARNING - 'SaaS' 검색 결과를 찾을 수 없습니다
2025-09-04 09:20:47,894 - INFO - AngelList 크롤링 완료: 0개 스타트업
2025-09-04 09:20:47,894 - INFO - Crunchbase 생태계 정보 크롤링 시작
2025-09-04 09:20:47,894 - INFO - Crunchbase 'AI startups' 검색 중...
2025-09-04 09:21:08,096 - WARNING - 'AI startups' 검색 결과를 찾을 수 없습니다
2025-09-04 09:21:08,097 - INFO - Crunchbase 'Fintech companies' 검색 중...
2025-09-04 09:21:26,392 - WARNING - 'Fintech companies' 검색 결과를 찾을 수 없습니다
2025-09-04 09:21:26,392 - INFO - Crunchbase 'HealthTech' 검색 중...
2025-09-04 09:21:44,811 - WARNING - 'HealthTech' 검색 결과를 찾을 수 없습니다
2025-09-04 09:21:44,812 - INFO - Crunchbase 'EdTech' 검색 중...
2025-09-04 09:22:02,403 - WARNING - 'EdTech' 검색 결과를 찾을 수 없습니다
2025-09-04 09:22:02,403 - INFO - Crunchbase 'SaaS' 검색 중...
2025-09-04 09:22:22,028 - WARNING - 'SaaS' 검색 결과를 찾을 수 없습니다
2025-09-04 09:22:22,028 - INFO - Crunchbase 크롤링 완료: 0개 항목
2025-09-04 09:22:22,028 - INFO - 스타트업 이벤트 정보 크롤링 시작
2025-09-04 09:22:43,414 - WARNING - Eventbrite 이벤트를 찾을 수 없습니다
2025-09-04 09:22:43,414 - INFO - 중복 데이터 제거 중...
2025-09-04 09:22:43,414 - INFO - 중복 제거 후 스타트업 수: 0
2025-09-04 09:22:43,414 - INFO - 통계 정보 추가 완료: 총 0개 엔티티
2025-09-04 09:22:43,414 - INFO - 전체 생태계 데이터 크롤링 완료
2025-09-04 09:22:43,414 - INFO - 데이터 저장 완료: data/ecosystem_data_20250904_092243.json
2025-09-04 09:22:43,414 - INFO - ✅ 크롤링 완료! 데이터 저장됨: data/ecosystem_data_20250904_092243.json
2025-09-04 09:22:43,415 - INFO - 📊 크롤링 결과 요약:
2025-09-04 09:22:43,415 - INFO -    - 스타트업: 0개
2025-09-04 09:22:43,415 - INFO -    - 투자자: 0개
2025-09-04 09:22:43,415 - INFO -    - 액셀러레이터: 0개
2025-09-04 09:22:43,415 - INFO -    - 코워킹 스페이스: 0개
2025-09-04 09:22:43,415 - INFO -    - 이벤트: 0개
2025-09-04 09:22:43,415 - INFO -    - 총 엔티티: 0개
