2025-09-04 09:30:19,100 - INFO - 🚀 스타트업 생태계 탐색 통합 크롤러 시작
2025-09-04 09:30:19,100 - INFO - 🌍 전체 생태계 크롤러 실행 시작
2025-09-04 09:30:20,014 - INFO - 전체 생태계 데이터 크롤링 시작
2025-09-04 09:30:20,014 - INFO - TechCrunch 스타트업 정보 크롤링 시작
2025-09-04 09:30:20,014 - INFO - 페이지 1 크롤링: https://techcrunch.com/category/startups/page/1/
2025-09-04 09:30:50,016 - ERROR - TechCrunch 크롤링 실패: Timeout 30000ms exceeded.
2025-09-04 09:30:50,017 - INFO - TechCrunch 크롤링 완료: 0개 스타트업
2025-09-04 09:30:50,017 - INFO - AngelList 스타트업 정보 크롤링 시작
2025-09-04 09:30:50,017 - INFO - AngelList 'AI' 검색 중...
2025-09-04 09:31:10,607 - WARNING - 'AI' 검색 결과를 찾을 수 없습니다
2025-09-04 09:31:10,607 - INFO - AngelList 'Fintech' 검색 중...
2025-09-04 09:31:29,975 - WARNING - 'Fintech' 검색 결과를 찾을 수 없습니다
2025-09-04 09:31:29,975 - INFO - AngelList 'HealthTech' 검색 중...
2025-09-04 09:31:50,915 - WARNING - 'HealthTech' 검색 결과를 찾을 수 없습니다
2025-09-04 09:31:50,915 - INFO - AngelList 'EdTech' 검색 중...
2025-09-04 09:32:12,232 - WARNING - 'EdTech' 검색 결과를 찾을 수 없습니다
2025-09-04 09:32:12,232 - INFO - AngelList 'SaaS' 검색 중...
2025-09-04 09:32:32,299 - WARNING - 'SaaS' 검색 결과를 찾을 수 없습니다
2025-09-04 09:32:32,299 - INFO - AngelList 크롤링 완료: 0개 스타트업
2025-09-04 09:32:32,299 - INFO - Crunchbase 생태계 정보 크롤링 시작
2025-09-04 09:32:32,299 - INFO - Crunchbase 'AI startups' 검색 중...
2025-09-04 09:32:52,354 - WARNING - 'AI startups' 검색 결과를 찾을 수 없습니다
2025-09-04 09:32:52,354 - INFO - Crunchbase 'Fintech companies' 검색 중...
2025-09-04 09:33:10,960 - WARNING - 'Fintech companies' 검색 결과를 찾을 수 없습니다
2025-09-04 09:33:10,960 - INFO - Crunchbase 'HealthTech' 검색 중...
2025-09-04 09:33:31,099 - WARNING - 'HealthTech' 검색 결과를 찾을 수 없습니다
2025-09-04 09:33:31,099 - INFO - Crunchbase 'EdTech' 검색 중...
2025-09-04 09:33:50,804 - WARNING - 'EdTech' 검색 결과를 찾을 수 없습니다
2025-09-04 09:33:50,804 - INFO - Crunchbase 'SaaS' 검색 중...
2025-09-04 09:34:10,317 - WARNING - 'SaaS' 검색 결과를 찾을 수 없습니다
2025-09-04 09:34:10,317 - INFO - Crunchbase 크롤링 완료: 0개 항목
2025-09-04 09:34:10,317 - INFO - 스타트업 이벤트 정보 크롤링 시작
2025-09-04 09:35:42,894 - WARNING - Eventbrite 이벤트를 찾을 수 없습니다
2025-09-04 09:35:42,894 - INFO - 중복 데이터 제거 중...
2025-09-04 09:35:42,894 - INFO - 중복 제거 후 스타트업 수: 0
2025-09-04 09:35:42,894 - INFO - 통계 정보 추가 완료: 총 0개 엔티티
2025-09-04 09:35:42,894 - INFO - 전체 생태계 데이터 크롤링 완료
2025-09-04 09:35:42,895 - INFO - 데이터 저장 완료: data/ecosystem_data_20250904_093542.json
2025-09-04 09:35:42,895 - INFO - ✅ 전체 생태계 크롤링 완료: data/ecosystem_data_20250904_093542.json
2025-09-04 09:35:42,933 - INFO - 🇰🇷 한국 생태계 크롤러 실행 시작
2025-09-04 09:35:43,357 - INFO - 한국 생태계 전체 데이터 크롤링 시작
2025-09-04 09:35:43,357 - INFO - 플래텀 한국 스타트업 정보 크롤링 시작
2025-09-04 09:35:43,357 - INFO - 플래텀 페이지 1 크롤링: https://platum.kr/startup/page/1/
2025-09-04 09:35:53,907 - INFO - 플래텀 크롤링: techforkorea...
2025-09-04 09:35:59,712 - INFO - 플래텀 페이지 2 크롤링: https://platum.kr/startup/page/2/
2025-09-04 09:36:06,587 - INFO - 플래텀 크롤링: techforkorea...
2025-09-04 09:36:13,010 - INFO - 플래텀 페이지 3 크롤링: https://platum.kr/startup/page/3/
2025-09-04 09:36:19,495 - INFO - 플래텀 크롤링: techforkorea...
2025-09-04 09:36:26,223 - INFO - 플래텀 크롤링 완료: 3개 스타트업
2025-09-04 09:36:26,223 - INFO - 테크M 한국 스타트업 정보 크롤링 시작
2025-09-04 09:36:26,223 - INFO - 테크M 페이지 1 크롤링: https://www.techm.kr/news/articleList.html?page=1&sc_section_code=S1N1&view_type=sm
2025-09-04 09:36:50,300 - WARNING - 페이지 1에서 기사를 찾을 수 없습니다
2025-09-04 09:36:50,300 - INFO - 테크M 크롤링 완료: 0개 스타트업
2025-09-04 09:36:50,300 - INFO - 스타트업 랭킹 정보 크롤링 시작
2025-09-04 09:36:50,300 - INFO - 랭킹 사이트 크롤링: https://www.startupranking.com/country/kr
2025-09-04 09:37:10,939 - WARNING - 랭킹 목록을 찾을 수 없습니다: https://www.startupranking.com/country/kr
2025-09-04 09:37:10,939 - INFO - 랭킹 사이트 크롤링: https://www.startupblink.com/ecosystem/korea
2025-09-04 09:37:36,255 - WARNING - 랭킹 목록을 찾을 수 없습니다: https://www.startupblink.com/ecosystem/korea
2025-09-04 09:37:36,255 - INFO - 랭킹 크롤링 완료: 0개 스타트업
2025-09-04 09:37:36,255 - INFO - 한국 액셀러레이터 정보 크롤링 시작
2025-09-04 09:37:36,255 - INFO - 한국 액셀러레이터 정보 수집 완료: 5개
2025-09-04 09:37:36,255 - INFO - 한국 코워킹 스페이스 정보 크롤링 시작
2025-09-04 09:37:36,255 - INFO - 한국 코워킹 스페이스 정보 수집 완료: 4개
2025-09-04 09:37:36,255 - INFO - 중복 데이터 제거 중...
2025-09-04 09:37:36,255 - INFO - 중복 제거 후 스타트업 수: 1
2025-09-04 09:37:36,255 - INFO - 통계 정보 추가 완료: 총 10개 엔티티
2025-09-04 09:37:36,255 - INFO - 한국 생태계 전체 데이터 크롤링 완료
2025-09-04 09:37:36,256 - INFO - 데이터 저장 완료: data/korean_ecosystem_data_20250904_093736.json
2025-09-04 09:37:36,256 - INFO - ✅ 한국 생태계 크롤링 완료: data/korean_ecosystem_data_20250904_093736.json
2025-09-04 09:37:36,293 - INFO - 🔄 생태계 데이터 통합 시작
2025-09-04 09:37:36,293 - INFO - 통합 통계 계산 완료: 총 1개 고유 스타트업
2025-09-04 09:37:36,294 - INFO - 통합 데이터 저장 완료: data/merged_ecosystem_data_20250904_093736.json
2025-09-04 09:37:36,294 - INFO - ✅ 통합 데이터 저장 완료: data/merged_ecosystem_data_20250904_093736.json
2025-09-04 09:37:36,294 - INFO - 📊 크롤링 결과 요약 리포트 생성
2025-09-04 09:37:36,294 - INFO - 🎉 모든 크롤링 작업 완료!
2026-01-25 10:56:49,175 - INFO - 🚀 스타트업 생태계 탐색 통합 크롤러 시작
2026-01-25 10:56:49,175 - INFO - 🌍 전체 생태계 크롤러 실행 시작
2026-01-25 10:56:55,179 - INFO - 전체 생태계 데이터 크롤링 시작
2026-01-25 10:56:55,179 - INFO - TechCrunch 스타트업 정보 크롤링 시작
2026-01-25 10:56:55,179 - INFO - 페이지 1 크롤링: https://techcrunch.com/category/startups/page/1/
2026-01-25 10:57:25,180 - ERROR - TechCrunch 크롤링 실패: Timeout 30000ms exceeded.
2026-01-25 10:57:25,182 - INFO - TechCrunch 크롤링 완료: 0개 스타트업
2026-01-25 10:57:25,182 - INFO - AngelList 스타트업 정보 크롤링 시작
2026-01-25 10:57:25,182 - INFO - AngelList 'AI' 검색 중...
2026-01-25 10:57:45,282 - WARNING - 'AI' 검색 결과를 찾을 수 없습니다
2026-01-25 10:57:45,282 - INFO - AngelList 'Fintech' 검색 중...
2026-01-25 10:58:05,602 - WARNING - 'Fintech' 검색 결과를 찾을 수 없습니다
2026-01-25 10:58:05,602 - INFO - AngelList 'HealthTech' 검색 중...
2026-01-25 10:58:24,731 - WARNING - 'HealthTech' 검색 결과를 찾을 수 없습니다
2026-01-25 10:58:24,733 - INFO - AngelList 'EdTech' 검색 중...
2026-01-25 10:58:45,176 - WARNING - 'EdTech' 검색 결과를 찾을 수 없습니다
2026-01-25 10:58:45,176 - INFO - AngelList 'SaaS' 검색 중...
2026-01-25 10:59:05,962 - WARNING - 'SaaS' 검색 결과를 찾을 수 없습니다
2026-01-25 10:59:05,962 - INFO - AngelList 크롤링 완료: 0개 스타트업
2026-01-25 10:59:05,962 - INFO - Crunchbase 생태계 정보 크롤링 시작
2026-01-25 10:59:05,962 - INFO - Crunchbase 'AI startups' 검색 중...
2026-01-25 10:59:23,918 - WARNING - 'AI startups' 검색 결과를 찾을 수 없습니다
2026-01-25 10:59:23,918 - INFO - Crunchbase 'Fintech companies' 검색 중...
2026-01-25 10:59:41,939 - WARNING - 'Fintech companies' 검색 결과를 찾을 수 없습니다
2026-01-25 10:59:41,939 - INFO - Crunchbase 'HealthTech' 검색 중...
2026-01-25 11:00:01,068 - WARNING - 'HealthTech' 검색 결과를 찾을 수 없습니다
2026-01-25 11:00:01,068 - INFO - Crunchbase 'EdTech' 검색 중...
2026-01-25 11:00:21,123 - WARNING - 'EdTech' 검색 결과를 찾을 수 없습니다
2026-01-25 11:00:21,123 - INFO - Crunchbase 'SaaS' 검색 중...
2026-01-25 11:00:40,530 - WARNING - 'SaaS' 검색 결과를 찾을 수 없습니다
2026-01-25 11:00:40,530 - INFO - Crunchbase 크롤링 완료: 0개 항목
2026-01-25 11:00:40,530 - INFO - 스타트업 이벤트 정보 크롤링 시작
2026-01-25 20:37:23,773 - INFO - 🚀 스타트업 생태계 탐색 통합 크롤러 시작
2026-01-25 20:37:23,773 - INFO - 🌍 전체 생태계 크롤러 실행 시작
2026-01-25 20:37:24,606 - INFO - 전체 생태계 데이터 크롤링 시작
2026-01-25 20:37:24,608 - INFO - TechCrunch 스타트업 정보 크롤링 시작
2026-01-25 20:37:24,608 - INFO - 페이지 1 크롤링: https://techcrunch.com/category/startups/page/1/
2026-01-25 20:37:46,166 - WARNING - 페이지 1에서 기사를 찾을 수 없습니다
2026-01-25 20:37:46,166 - INFO - TechCrunch 크롤링 완료: 0개 스타트업
2026-01-25 20:37:46,166 - INFO - AngelList 스타트업 정보 크롤링 시작
2026-01-25 20:37:46,166 - INFO - AngelList 'AI' 검색 중...
2026-01-25 20:38:07,233 - WARNING - 'AI' 검색 결과를 찾을 수 없습니다
2026-01-25 20:38:07,233 - INFO - AngelList 'Fintech' 검색 중...
2026-01-25 20:38:27,689 - WARNING - 'Fintech' 검색 결과를 찾을 수 없습니다
2026-01-25 20:38:27,689 - INFO - AngelList 'HealthTech' 검색 중...
2026-01-25 20:38:45,860 - WARNING - 'HealthTech' 검색 결과를 찾을 수 없습니다
2026-01-25 20:38:45,860 - INFO - AngelList 'EdTech' 검색 중...
2026-01-25 20:39:06,424 - WARNING - 'EdTech' 검색 결과를 찾을 수 없습니다
2026-01-25 20:39:06,424 - INFO - AngelList 'SaaS' 검색 중...
2026-01-25 20:39:25,834 - WARNING - 'SaaS' 검색 결과를 찾을 수 없습니다
2026-01-25 20:39:25,835 - INFO - AngelList 크롤링 완료: 0개 스타트업
2026-01-25 20:39:25,835 - INFO - Crunchbase 생태계 정보 크롤링 시작
2026-01-25 20:39:25,835 - INFO - Crunchbase 'AI startups' 검색 중...
2026-01-25 20:39:44,450 - WARNING - 'AI startups' 검색 결과를 찾을 수 없습니다
2026-01-25 20:39:44,450 - INFO - Crunchbase 'Fintech companies' 검색 중...
2026-01-25 20:40:02,410 - WARNING - 'Fintech companies' 검색 결과를 찾을 수 없습니다
2026-01-25 20:40:02,411 - INFO - Crunchbase 'HealthTech' 검색 중...
2026-01-25 20:40:22,648 - WARNING - 'HealthTech' 검색 결과를 찾을 수 없습니다
2026-01-25 20:40:22,649 - INFO - Crunchbase 'EdTech' 검색 중...
2026-01-25 20:40:43,166 - WARNING - 'EdTech' 검색 결과를 찾을 수 없습니다
2026-01-25 20:40:43,166 - INFO - Crunchbase 'SaaS' 검색 중...
2026-01-25 20:41:02,757 - WARNING - 'SaaS' 검색 결과를 찾을 수 없습니다
2026-01-25 20:41:02,757 - INFO - Crunchbase 크롤링 완료: 0개 항목
2026-01-25 20:41:02,757 - INFO - 스타트업 이벤트 정보 크롤링 시작
2026-01-25 20:41:32,762 - ERROR - Eventbrite 크롤링 실패: Timeout 30000ms exceeded.
2026-01-25 20:41:32,762 - INFO - 이벤트 크롤링 완료: 0개 이벤트
2026-01-25 20:41:32,762 - INFO - 중복 데이터 제거 중...
2026-01-25 20:41:32,762 - INFO - 중복 제거 후 스타트업 수: 0
2026-01-25 20:41:32,762 - INFO - 통계 정보 추가 완료: 총 0개 엔티티
2026-01-25 20:41:32,762 - INFO - 전체 생태계 데이터 크롤링 완료
2026-01-25 20:41:32,763 - INFO - 데이터 저장 완료: data/ecosystem_data_20260125_204132.json
2026-01-25 20:41:32,763 - INFO - ✅ 전체 생태계 크롤링 완료: data/ecosystem_data_20260125_204132.json
2026-01-25 20:41:32,807 - INFO - 🇰🇷 한국 생태계 크롤러 실행 시작
2026-01-25 20:41:33,247 - INFO - 한국 생태계 전체 데이터 크롤링 시작
2026-01-25 20:41:33,247 - INFO - 플래텀 한국 스타트업 정보 크롤링 시작
2026-01-25 20:41:33,247 - INFO - 플래텀 페이지 1 크롤링: https://platum.kr/startup/page/1/
2026-01-25 20:41:39,238 - INFO - 셀렉터 'article'로 1개 기사 발견
2026-01-25 20:41:39,258 - INFO - 플래텀 크롤링: techforkorea...
2026-01-25 20:41:43,755 - INFO - 플래텀 페이지 2 크롤링: https://platum.kr/startup/page/2/
2026-01-25 20:41:48,405 - INFO - 셀렉터 'article'로 1개 기사 발견
2026-01-25 20:41:48,425 - INFO - 플래텀 크롤링: techforkorea...
2026-01-25 20:41:54,578 - INFO - 플래텀 페이지 3 크롤링: https://platum.kr/startup/page/3/
2026-01-25 20:41:59,303 - INFO - 셀렉터 'article'로 1개 기사 발견
2026-01-25 20:41:59,323 - INFO - 플래텀 크롤링: techforkorea...
2026-01-25 20:42:05,253 - INFO - 플래텀 페이지 4 크롤링: https://platum.kr/startup/page/4/
2026-01-25 20:42:09,124 - INFO - 셀렉터 'article'로 1개 기사 발견
2026-01-25 20:42:09,143 - INFO - 플래텀 크롤링: techforkorea...
2026-01-25 20:42:15,431 - INFO - 플래텀 페이지 5 크롤링: https://platum.kr/startup/page/5/
2026-01-25 20:42:20,885 - INFO - 셀렉터 'article'로 1개 기사 발견
2026-01-25 20:42:20,904 - INFO - 플래텀 크롤링: techforkorea...
