2026-02-06 13:38:31,482 - INFO - 그룹바이(groupby.kr) 크롤링 시작
2026-02-06 13:38:31,578 - INFO -   [그룹바이] "우리는 AI 기술과 인간의 상상력을 통해, 사람들이 일상에서 사랑과 위로, 공감을 경청하고 더 행복한 삶을 살 수 있도록 돕는다"타인에이아이아시아 No.1 캐릭터 채팅 서비스 ()
2026-02-06 13:38:31,578 - INFO -   [그룹바이] “우리는 AI 기술에 스토리텔링의 온기를 불어넣어, 누구나 관객의 자리에서 벗어나 자신만의 이야기 속 주인공이 되는 벅찬 감동을 선물한다.”베이비챗보는 것을 넘어, 이야기 속으로 ()
2026-02-06 13:38:31,578 - INFO -   [그룹바이] Empower the World to Design!
전 세계 2억 명 이상이 사용하는 올인원 디자인 플랫폼, 캔바.캔바코리아모두가 사용할 수 있는 Canva 비주얼 스위트 ()
2026-02-06 13:38:31,578 - INFO -   [그룹바이] 점점 개개인의 취향과 기호가 중심이 되는 시대가 오고 있어요. 오붓은 다양한 피트니스와 웰니스 경험을 통해 자신이 진정으로 좋아하는 것을 발견하고, 더 건강하고 행복한 삶을 만들어갈 수 있도록 도울거에요.오붓(obud)하나의 멤버십으로 다양한 운동을! ()
2026-02-06 13:38:31,578 - INFO -   [그룹바이] 우리는 주얼리라는 아이템과 혁신의 방식으로 100만 명의 소비자와 2천개 이상의 브랜드를 연결하고 있습니다. 비주얼이 만들어갈 새로운 주얼리 유니버스에 함께 하고 싶다면 지금 바로 지원해주세요 :)아몬즈랩세상을 변화시키는 새로운 주얼리 생태계 ()
2026-02-06 13:38:31,578 - INFO - 페이지 1: 5건 추출, 누적 5건
2026-02-06 13:38:33,144 - INFO - 페이지 2: 5건 추출, 누적 5건
2026-02-06 13:38:34,694 - INFO - 페이지 3: 5건 추출, 누적 5건
2026-02-06 13:38:36,250 - INFO - 페이지 4: 5건 추출, 누적 5건
2026-02-06 13:38:37,825 - INFO - 페이지 5: 5건 추출, 누적 5건
2026-02-06 13:38:39,330 - INFO - 그룹바이 크롤링 완료: 5개 스타트업
2026-02-06 13:38:39,331 - INFO - 저장: data/groupby_startups.json (5건)
2026-02-06 13:39:42,815 - INFO - 그룹바이(groupby.kr) 크롤링 시작
2026-02-06 13:39:42,895 - INFO -   [그룹바이] "우리는 ()
2026-02-06 13:39:42,895 - INFO -   [그룹바이] “우리는 ()
2026-02-06 13:39:42,895 - INFO -   [그룹바이] Empower ()
2026-02-06 13:39:42,895 - INFO -   [그룹바이] 점점 ()
2026-02-06 13:39:42,895 - INFO -   [그룹바이] 우리는 ()
2026-02-06 13:39:42,895 - INFO - 페이지 1: 5건 추출, 누적 5건
2026-02-06 13:39:44,471 - INFO - 페이지 2: 5건 추출, 누적 5건
2026-02-06 13:39:46,021 - INFO - 페이지 3: 5건 추출, 누적 5건
2026-02-06 13:39:47,581 - INFO - 페이지 4: 5건 추출, 누적 5건
2026-02-06 13:39:49,134 - INFO - 페이지 5: 5건 추출, 누적 5건
2026-02-06 13:39:50,639 - INFO - 그룹바이 크롤링 완료: 5개 스타트업
2026-02-06 13:39:50,642 - INFO - 저장: data/groupby_startups.json (5건)
2026-02-06 13:40:33,650 - INFO - 그룹바이(groupby.kr) 크롤링 시작
2026-02-06 13:40:33,745 - INFO - 페이지 1: 5건 추출, 누적 5건
2026-02-06 13:40:35,297 - INFO - 페이지 2: 5건 추출, 누적 5건
2026-02-06 13:40:36,861 - INFO - 페이지 3: 5건 추출, 누적 5건
2026-02-06 13:40:38,428 - INFO - 페이지 4: 5건 추출, 누적 5건
2026-02-06 13:40:39,984 - INFO - 페이지 5: 5건 추출, 누적 5건
2026-02-06 13:40:41,486 - INFO - 상세 페이지에서 회사명 조회 중...
2026-02-06 13:40:41,631 - INFO -   [그룹바이] 타인에이아이 ()
2026-02-06 13:40:42,992 - INFO -   [그룹바이] 베이비챗 ()
2026-02-06 13:40:43,921 - INFO -   [그룹바이] 캔바코리아 유한회사 ()
2026-02-06 13:40:45,072 - INFO -   [그룹바이] 오붓(obud) ()
2026-02-06 13:40:46,071 - INFO -   [그룹바이] 아몬즈랩 ()
2026-02-06 13:40:46,876 - INFO - 그룹바이 크롤링 완료: 5개 스타트업
2026-02-06 13:40:46,877 - INFO - 저장: data/groupby_startups.json (5건)
2026-02-06 13:44:19,241 - INFO - 그룹바이(groupby.kr) 크롤링 시작
2026-02-06 13:44:19,333 - INFO - 채용 공고 페이지에서 16개 스타트업 ID 추출
2026-02-06 13:44:19,333 - INFO - 상세 페이지에서 회사명 조회 중...
2026-02-06 13:44:19,550 - INFO -   [그룹바이] 타인에이아이
2026-02-06 13:44:20,430 - INFO -   [그룹바이] 베이비챗
2026-02-06 13:44:21,172 - INFO -   [그룹바이] 캔바코리아 유한회사
2026-02-06 13:44:21,892 - INFO -   [그룹바이] 오붓(obud)
2026-02-06 13:44:22,592 - INFO -   [그룹바이] 아몬즈랩
2026-02-06 13:44:23,315 - INFO -   [그룹바이] 파프롬지니어스
2026-02-06 13:44:24,292 - INFO -   [그룹바이] 와이텐플러스
2026-02-06 13:44:25,254 - INFO -   [그룹바이] 주식회사 트립일레븐
2026-02-06 13:44:26,335 - INFO -   [그룹바이] 제트
2026-02-06 13:44:27,208 - INFO -   [그룹바이] 액티브스
2026-02-06 13:44:28,551 - INFO -   [그룹바이] 엔엑스엔랩스
2026-02-06 13:44:29,275 - INFO -   [그룹바이] 헤세드릿지
2026-02-06 13:44:30,194 - INFO -   [그룹바이] 브이원씨
2026-02-06 13:44:30,995 - INFO -   [그룹바이] 인터로조
2026-02-06 13:44:32,350 - INFO -   [그룹바이] 베스펙스
2026-02-06 13:44:33,289 - INFO -   [그룹바이] 누리미디어
2026-02-06 13:44:33,895 - INFO - 그룹바이 크롤링 완료: 16개 스타트업
2026-02-06 13:44:33,898 - INFO - 저장: data/groupby_startups.json (16건)
