2025-09-04 09:25:13,137 - INFO - 🚀 개선된 스타트업 생태계 탐색 크롤러 시작
2025-09-04 09:26:31,247 - INFO - 개선된 생태계 데이터 크롤링 시작
2025-09-04 09:26:31,247 - INFO - GitHub 스타트업 저장소 크롤링 시작
2025-09-04 09:26:31,248 - INFO - GitHub 'startup' 검색 중...
2025-09-04 09:26:53,658 - WARNING - 'startup' 검색 결과를 찾을 수 없습니다
2025-09-04 09:26:53,658 - INFO - GitHub 'ai startup' 검색 중...
2025-09-04 09:27:14,518 - WARNING - 'ai startup' 검색 결과를 찾을 수 없습니다
2025-09-04 09:27:14,519 - INFO - GitHub 'fintech' 검색 중...
2025-09-04 09:27:36,724 - WARNING - 'fintech' 검색 결과를 찾을 수 없습니다
2025-09-04 09:27:36,724 - INFO - GitHub 'healthtech' 검색 중...
2025-09-04 09:27:57,956 - WARNING - 'healthtech' 검색 결과를 찾을 수 없습니다
2025-09-04 09:27:57,956 - INFO - GitHub 'edtech' 검색 중...
2025-09-04 09:28:20,243 - WARNING - 'edtech' 검색 결과를 찾을 수 없습니다
2025-09-04 09:28:20,243 - INFO - GitHub 크롤링 완료: 0개 저장소
2025-09-04 09:28:20,243 - INFO - Product Hunt 스타트업 제품 크롤링 시작
2025-09-04 09:28:41,154 - WARNING - Product Hunt 제품을 찾을 수 없습니다
2025-09-04 09:28:41,155 - INFO - Medium 스타트업 글 크롤링 시작
2025-09-04 09:28:41,155 - INFO - Medium 'startup' 검색 중...
2025-09-04 09:29:02,839 - WARNING - 'startup' 검색 결과를 찾을 수 없습니다
2025-09-04 09:29:02,839 - INFO - Medium 'entrepreneurship' 검색 중...
2025-09-04 09:29:25,861 - WARNING - 'entrepreneurship' 검색 결과를 찾을 수 없습니다
2025-09-04 09:29:25,861 - INFO - Medium 'venture-capital' 검색 중...
2025-09-04 09:29:48,875 - WARNING - 'venture-capital' 검색 결과를 찾을 수 없습니다
2025-09-04 09:29:48,875 - INFO - Medium 'tech-startup' 검색 중...
2025-09-04 09:30:11,148 - WARNING - 'tech-startup' 검색 결과를 찾을 수 없습니다
2025-09-04 09:30:11,148 - INFO - Medium 크롤링 완료: 0개 글
2025-09-04 09:30:11,148 - INFO - 수동 스타트업 데이터 수집 시작
2025-09-04 09:30:11,148 - INFO - 수동 스타트업 데이터 수집 완료: 5개
2025-09-04 09:30:11,148 - INFO - 수동 투자자 데이터 수집 시작
2025-09-04 09:30:11,148 - INFO - 수동 투자자 데이터 수집 완료: 3개
2025-09-04 09:30:11,148 - INFO - 중복 데이터 제거 중...
2025-09-04 09:30:11,149 - INFO - 중복 제거 후 스타트업 수: 5
2025-09-04 09:30:11,149 - INFO - 통계 정보 추가 완료: 총 8개 엔티티
2025-09-04 09:30:11,149 - INFO - 개선된 생태계 데이터 크롤링 완료
2025-09-04 09:30:11,149 - INFO - 데이터 저장 완료: data/improved_ecosystem_data_20250904_093011.json
2025-09-04 09:30:11,149 - INFO - ✅ 개선된 크롤링 완료! 데이터 저장됨: data/improved_ecosystem_data_20250904_093011.json
2025-09-04 09:30:11,149 - INFO - 📊 개선된 크롤링 결과 요약:
2025-09-04 09:30:11,149 - INFO -    - 스타트업: 5개
2025-09-04 09:30:11,149 - INFO -    - 투자자: 3개
2025-09-04 09:30:11,149 - INFO -    - 액셀러레이터: 0개
2025-09-04 09:30:11,149 - INFO -    - 코워킹 스페이스: 0개
2025-09-04 09:30:11,149 - INFO -    - 이벤트: 0개
2025-09-04 09:30:11,149 - INFO -    - 총 엔티티: 8개
