2025-09-04 09:16:40,819 - INFO - 🇰🇷 한국 스타트업 생태계 탐색 크롤러 시작
2025-09-04 09:16:43,533 - INFO - 한국 생태계 전체 데이터 크롤링 시작
2025-09-04 09:16:43,533 - INFO - 플래텀 한국 스타트업 정보 크롤링 시작
2025-09-04 09:16:43,533 - INFO - 플래텀 페이지 1 크롤링: https://platum.kr/startup/page/1/
2025-09-04 09:16:50,487 - INFO - 플래텀 크롤링: techforkorea...
2025-09-04 09:16:57,469 - INFO - 플래텀 페이지 2 크롤링: https://platum.kr/startup/page/2/
2025-09-04 09:17:05,702 - INFO - 플래텀 크롤링: techforkorea...
2025-09-04 09:17:11,562 - INFO - 플래텀 페이지 3 크롤링: https://platum.kr/startup/page/3/
2025-09-04 09:17:18,969 - INFO - 플래텀 크롤링: techforkorea...
2025-09-04 09:17:23,603 - INFO - 플래텀 크롤링 완료: 3개 스타트업
2025-09-04 09:17:23,603 - INFO - 테크M 한국 스타트업 정보 크롤링 시작
2025-09-04 09:17:23,603 - INFO - 테크M 페이지 1 크롤링: https://www.techm.kr/news/articleList.html?page=1&sc_section_code=S1N1&view_type=sm
2025-09-04 09:17:49,193 - WARNING - 페이지 1에서 기사를 찾을 수 없습니다
2025-09-04 09:17:49,193 - INFO - 테크M 크롤링 완료: 0개 스타트업
2025-09-04 09:17:49,193 - INFO - 스타트업 랭킹 정보 크롤링 시작
2025-09-04 09:17:49,193 - INFO - 랭킹 사이트 크롤링: https://www.startupranking.com/country/kr
2025-09-04 09:18:10,266 - WARNING - 랭킹 목록을 찾을 수 없습니다: https://www.startupranking.com/country/kr
2025-09-04 09:18:10,266 - INFO - 랭킹 사이트 크롤링: https://www.startupblink.com/ecosystem/korea
2025-09-04 09:18:33,194 - WARNING - 랭킹 목록을 찾을 수 없습니다: https://www.startupblink.com/ecosystem/korea
2025-09-04 09:18:33,194 - INFO - 랭킹 크롤링 완료: 0개 스타트업
2025-09-04 09:18:33,194 - INFO - 한국 액셀러레이터 정보 크롤링 시작
2025-09-04 09:18:33,194 - INFO - 한국 액셀러레이터 정보 수집 완료: 5개
2025-09-04 09:18:33,194 - INFO - 한국 코워킹 스페이스 정보 크롤링 시작
2025-09-04 09:18:33,194 - INFO - 한국 코워킹 스페이스 정보 수집 완료: 4개
2025-09-04 09:18:33,194 - INFO - 중복 데이터 제거 중...
2025-09-04 09:18:33,194 - INFO - 중복 제거 후 스타트업 수: 1
2025-09-04 09:18:33,194 - INFO - 통계 정보 추가 완료: 총 10개 엔티티
2025-09-04 09:18:33,194 - INFO - 한국 생태계 전체 데이터 크롤링 완료
2025-09-04 09:18:33,195 - INFO - 데이터 저장 완료: data/korean_ecosystem_data_20250904_091833.json
2025-09-04 09:18:33,195 - INFO - ✅ 한국 생태계 크롤링 완료! 데이터 저장됨: data/korean_ecosystem_data_20250904_091833.json
2025-09-04 09:18:33,195 - INFO - 📊 한국 생태계 크롤링 결과 요약:
2025-09-04 09:18:33,195 - INFO -    - 스타트업: 1개
2025-09-04 09:18:33,195 - INFO -    - 투자자: 0개
2025-09-04 09:18:33,195 - INFO -    - 액셀러레이터: 5개
2025-09-04 09:18:33,195 - INFO -    - 코워킹 스페이스: 4개
2025-09-04 09:18:33,195 - INFO -    - 뉴스: 0개
2025-09-04 09:18:33,195 - INFO -    - 총 엔티티: 10개
2026-01-25 20:34:16,848 - INFO - 🇰🇷 한국 스타트업 생태계 탐색 크롤러 시작
2026-01-25 20:34:17,295 - INFO - 한국 생태계 전체 데이터 크롤링 시작
2026-01-25 20:34:17,295 - INFO - 플래텀 한국 스타트업 정보 크롤링 시작
2026-01-25 20:34:17,295 - INFO - 플래텀 페이지 1 크롤링: https://platum.kr/startup/page/1/
2026-01-25 20:34:23,554 - INFO - 셀렉터 'article'로 1개 기사 발견
2026-01-25 20:34:23,578 - INFO - 플래텀 크롤링: techforkorea...
2026-01-25 20:34:29,351 - INFO - 플래텀 페이지 2 크롤링: https://platum.kr/startup/page/2/
2026-01-25 20:34:34,367 - INFO - 셀렉터 'article'로 1개 기사 발견
2026-01-25 20:34:34,389 - INFO - 플래텀 크롤링: techforkorea...
2026-01-25 20:34:40,147 - INFO - 플래텀 페이지 3 크롤링: https://platum.kr/startup/page/3/
2026-01-25 20:34:44,886 - INFO - 셀렉터 'article'로 1개 기사 발견
2026-01-25 20:34:44,906 - INFO - 플래텀 크롤링: techforkorea...
2026-01-25 20:34:51,262 - INFO - 플래텀 페이지 4 크롤링: https://platum.kr/startup/page/4/
2026-01-25 20:34:56,843 - INFO - 셀렉터 'article'로 1개 기사 발견
2026-01-25 20:34:56,861 - INFO - 플래텀 크롤링: techforkorea...
2026-01-25 20:35:02,135 - INFO - 플래텀 페이지 5 크롤링: https://platum.kr/startup/page/5/
2026-01-25 20:35:07,289 - INFO - 셀렉터 'article'로 1개 기사 발견
2026-01-25 20:35:07,308 - INFO - 플래텀 크롤링: techforkorea...
2026-01-25 20:35:14,067 - INFO - 플래텀 페이지 6 크롤링: https://platum.kr/startup/page/6/
2026-01-25 20:35:20,110 - INFO - 셀렉터 'article'로 1개 기사 발견
2026-01-25 20:35:20,128 - INFO - 플래텀 크롤링: techforkorea...
2026-01-25 20:35:24,517 - INFO - 플래텀 페이지 7 크롤링: https://platum.kr/startup/page/7/
2026-01-25 20:35:30,532 - INFO - 셀렉터 'article'로 1개 기사 발견
2026-01-25 20:35:30,550 - INFO - 플래텀 크롤링: techforkorea...
2026-01-25 20:35:37,059 - INFO - 플래텀 페이지 8 크롤링: https://platum.kr/startup/page/8/
2026-01-25 20:35:42,393 - INFO - 셀렉터 'article'로 1개 기사 발견
2026-01-25 20:35:42,411 - INFO - 플래텀 크롤링: techforkorea...
2026-01-25 20:35:47,905 - INFO - 플래텀 페이지 9 크롤링: https://platum.kr/startup/page/9/
2026-01-25 20:35:52,368 - INFO - 셀렉터 'article'로 1개 기사 발견
2026-01-25 20:35:52,386 - INFO - 플래텀 크롤링: techforkorea...
2026-01-25 20:35:58,661 - INFO - 플래텀 페이지 10 크롤링: https://platum.kr/startup/page/10/
2026-01-25 20:36:04,258 - INFO - 셀렉터 'article'로 1개 기사 발견
2026-01-25 20:36:04,275 - INFO - 플래텀 크롤링: techforkorea...
2026-01-25 20:36:08,500 - INFO - 플래텀 크롤링 완료: 10개 스타트업
2026-01-25 20:36:08,501 - INFO - 테크M 한국 스타트업 정보 크롤링 시작
2026-01-25 20:36:08,501 - INFO - 테크M 페이지 1 크롤링: https://www.techm.kr/news/articleList.html?page=1&sc_section_code=S1N1&view_type=sm
2026-01-25 20:36:33,360 - WARNING - 페이지 1에서 기사를 찾을 수 없습니다
2026-01-25 20:36:33,360 - INFO - 테크M 크롤링 완료: 0개 스타트업
2026-01-25 20:36:33,360 - INFO - 스타트업 랭킹 정보 크롤링 시작
2026-01-25 20:36:33,360 - INFO - 랭킹 사이트 크롤링: https://www.startupranking.com/country/kr
2026-01-25 20:36:55,128 - WARNING - 랭킹 목록을 찾을 수 없습니다: https://www.startupranking.com/country/kr
2026-01-25 20:36:55,128 - INFO - 랭킹 사이트 크롤링: https://www.startupblink.com/ecosystem/korea
2026-01-25 20:37:17,270 - WARNING - 랭킹 목록을 찾을 수 없습니다: https://www.startupblink.com/ecosystem/korea
2026-01-25 20:37:17,271 - INFO - 랭킹 크롤링 완료: 0개 스타트업
2026-01-25 20:37:17,271 - INFO - 수동 한국 스타트업 데이터 수집 시작
2026-01-25 20:37:17,272 - INFO - 수동 한국 스타트업 데이터 수집 완료: 10개
2026-01-25 20:37:17,272 - INFO - 한국 액셀러레이터 정보 크롤링 시작
2026-01-25 20:37:17,272 - INFO - 한국 액셀러레이터 정보 수집 완료: 10개
2026-01-25 20:37:17,272 - INFO - 한국 코워킹 스페이스 정보 크롤링 시작
2026-01-25 20:37:17,273 - INFO - 한국 코워킹 스페이스 정보 수집 완료: 4개
2026-01-25 20:37:17,273 - INFO - 중복 데이터 제거 중...
2026-01-25 20:37:17,273 - INFO - 중복 제거 후 스타트업 수: 11
2026-01-25 20:37:17,273 - INFO - 통계 정보 추가 완료: 총 25개 엔티티
2026-01-25 20:37:17,273 - INFO - 한국 생태계 전체 데이터 크롤링 완료
2026-01-25 20:37:17,274 - INFO - 데이터 저장 완료: data/korean_ecosystem_data_20260125_203717.json
2026-01-25 20:37:17,274 - INFO - ✅ 한국 생태계 크롤링 완료! 데이터 저장됨: data/korean_ecosystem_data_20260125_203717.json
2026-01-25 20:37:17,274 - INFO - 📊 한국 생태계 크롤링 결과 요약:
2026-01-25 20:37:17,274 - INFO -    - 스타트업: 11개
2026-01-25 20:37:17,274 - INFO -    - 투자자: 0개
2026-01-25 20:37:17,274 - INFO -    - 액셀러레이터: 10개
2026-01-25 20:37:17,274 - INFO -    - 코워킹 스페이스: 4개
2026-01-25 20:37:17,274 - INFO -    - 뉴스: 0개
2026-01-25 20:37:17,274 - INFO -    - 총 엔티티: 25개
